INFO    : PreTeXt-CLI version: 2.7.0

INFO    : PreTeXt project found in `C:\Users\Edudu\Documents\PreTeXt\yaree`.
WARNING : Using CLI version 2.7.0 but project's `requirements.txt`
WARNING : is configured to use 0.8.3. Consider either installing
WARNING : CLI version 0.8.3 or running `pretext init --refresh`
WARNING : to update `requirements.txt` to match 2.7.0.
INFO    : Staging deployment according to strategy default_target
INFO    : Since no target was supplied, we will use "web".

INFO    : Staging latest build located in `C:\Users\Edudu\Documents\PreTeXt\yaree\output\web` at `C:\Users\Edudu\Documents\PreTeXt\yaree\output\stage`.
INFO    : 
INFO    : Preparing to deploy from active `main` git branch.
INFO    : 
INFO    : Changes to project source since last commit detected.
INFO    : Add/committing these changes to local Git repository.
INFO    : 
INFO    : Committing your latest build to the `gh-pages` branch.
INFO    : 
INFO    : Attempting to connect to remote repository at `https://github.com/Dillard009/yaree.git`...
INFO    : 
INFO    : 
INFO    : Latest build successfully pushed to GitHub!
INFO    : 
INFO    : To enable GitHub Pages, visit
INFO    :     https://github.com/Dillard009/yaree/settings/pages
INFO    : selecting the `gh-pages` branch with the `/ (root)` folder.
INFO    : 
INFO    : Visit
INFO    :     https://github.com/Dillard009/yaree/actions/
INFO    : to check on the status of your GitHub Pages deployment.
INFO    : 
INFO    : Your built project will soon be available to the public at:
INFO    :     https://Dillard009.github.io/yaree/
INFO    : 
